<?xml version="1.0" encoding="UTF-8"?>
<!-- Generated by org.testng.reporters.JUnitReportReporter -->
<testsuite hostname="DESKTOP-E7RH1QJ" failures="0" tests="3" name="com.simplilearn.testpages.HomePageTest" time="4.514" errors="0" timestamp="2023-10-12T21:59:39 IST" skipped="0">
  <testcase classname="com.simplilearn.testpages.HomePageTest" name="titleTest" time="0.017"/>
  <system-out/>
  <testcase classname="com.simplilearn.testpages.HomePageTest" name="isAllCoursesTest" time="2.077"/>
  <system-out/>
  <testcase classname="com.simplilearn.testpages.HomePageTest" name="getAllCourses" time="2.420"/>
  <system-out/>
</testsuite> <!-- com.simplilearn.testpages.HomePageTest -->
